<?xml version="1.0" encoding="UTF-8"?>
<!-- Generated by org.testng.reporters.JUnitXMLReporter -->
<testsuite ignored="21" hostname="DESKTOP-N3438MH" failures="1" tests="4" name="Test" time="41.663" errors="0" timestamp="2025-03-11T20:54:14 IST">
  <testcase classname="com.mystore.testcases.IndexPageTest" name="verifyLogo" time="0.093">
    <failure type="java.lang.AssertionError" message="expected [false] but found [true]">
      <![CDATA[java.lang.AssertionError: expected [false] but found [true]
at com.mystore.testcases.IndexPageTest.verifyLogo(IndexPageTest.java:37)
at java.base/java.util.ArrayList.forEach(ArrayList.java:1597)
... Removed 29 stack frames]]>
    </failure>
  </testcase> <!-- verifyLogo -->
  <testcase classname="com.mystore.testcases.IndexPageTest" name="verifyTitle" time="0.013"/>
  <testcase classname="com.mystore.testcases.HomePageTest" name="ValidatemyAddress" time="2.486"/>
  <testcase classname="com.mystore.testcases.HomePageTest" name="ValidateorderHistoryDetails" time="2.846"/>
  <testcase classname="com.mystore.testcases.SearchResultPageTest" name="productAvalibility" time="0.0">
    <ignored/>
  </testcase> <!-- productAvalibility -->
  <testcase classname="com.mystore.testcases.OrderPageTest" name="verifyTotalPrice" time="0.0">
    <ignored/>
  </testcase> <!-- verifyTotalPrice -->
  <testcase classname="com.mystore.testcases.AddToCartPageTest" name="addToCartTest" time="0.0">
    <ignored/>
  </testcase> <!-- addToCartTest -->
  <testcase classname="com.mystore.base.BaseClass" name="@AfterSuite AfterSuite" time="0.0">
    <ignored/>
  </testcase> <!-- @AfterSuite AfterSuite -->
  <testcase classname="com.mystore.base.BaseClass" name="@BeforeSuite loadConfig" time="0.0">
    <ignored/>
  </testcase> <!-- @BeforeSuite loadConfig -->
  <testcase classname="com.mystore.base.BaseClass" name="@AfterSuite AfterSuite" time="0.0">
    <ignored/>
  </testcase> <!-- @AfterSuite AfterSuite -->
  <testcase classname="com.mystore.base.BaseClass" name="@AfterSuite AfterSuite" time="0.0">
    <ignored/>
  </testcase> <!-- @AfterSuite AfterSuite -->
  <testcase classname="com.mystore.testcases.AccountCreationPageTest" name="createAccountTest" time="0.0">
    <ignored/>
  </testcase> <!-- createAccountTest -->
  <testcase classname="com.mystore.base.BaseClass" name="@AfterSuite AfterSuite" time="0.0">
    <ignored/>
  </testcase> <!-- @AfterSuite AfterSuite -->
  <testcase classname="com.mystore.testcases.LoginPageTest" name="login" time="0.0">
    <ignored/>
  </testcase> <!-- login -->
  <testcase classname="com.mystore.base.BaseClass" name="@AfterSuite AfterSuite" time="0.0">
    <ignored/>
  </testcase> <!-- @AfterSuite AfterSuite -->
  <testcase classname="com.mystore.base.BaseClass" name="@BeforeSuite loadConfig" time="0.0">
    <ignored/>
  </testcase> <!-- @BeforeSuite loadConfig -->
  <testcase classname="com.mystore.testcases.SearchResultPageTest" name="ClickonSearchedProduct" time="0.0">
    <ignored/>
  </testcase> <!-- ClickonSearchedProduct -->
  <testcase classname="com.mystore.base.BaseClass" name="@AfterSuite AfterSuite" time="0.0">
    <ignored/>
  </testcase> <!-- @AfterSuite AfterSuite -->
  <testcase classname="com.mystore.base.BaseClass" name="@BeforeSuite loadConfig" time="0.0">
    <ignored/>
  </testcase> <!-- @BeforeSuite loadConfig -->
  <testcase classname="com.mystore.base.BaseClass" name="@BeforeSuite loadConfig" time="0.0">
    <ignored/>
  </testcase> <!-- @BeforeSuite loadConfig -->
  <testcase classname="com.mystore.base.BaseClass" name="@BeforeSuite loadConfig" time="0.0">
    <ignored/>
  </testcase> <!-- @BeforeSuite loadConfig -->
  <testcase classname="com.mystore.base.BaseClass" name="@AfterSuite AfterSuite" time="0.0">
    <ignored/>
  </testcase> <!-- @AfterSuite AfterSuite -->
  <testcase classname="com.mystore.base.BaseClass" name="@BeforeSuite loadConfig" time="0.0">
    <ignored/>
  </testcase> <!-- @BeforeSuite loadConfig -->
  <testcase classname="com.mystore.testcases.EndToEndTest" name="endToEndTest" time="0.0">
    <ignored/>
  </testcase> <!-- endToEndTest -->
  <testcase classname="com.mystore.base.BaseClass" name="@BeforeSuite loadConfig" time="0.0">
    <ignored/>
  </testcase> <!-- @BeforeSuite loadConfig -->
</testsuite> <!-- Test -->
