<?xml version="1.0" encoding="UTF-8"?>
<testng-results ignored="0" total="2" passed="2" failed="0" skipped="0">
  <reporter-output>
  </reporter-output>
  <suite started-at="2025-08-10T20:39:56 IST" name="Suite" finished-at="2025-08-10T20:40:14 IST" duration-ms="18056">
    <groups>
      <group name="Regression">
        <method signature="LoginPageTest.login(java.lang.String,java.lang.String)[pri:0, instance:com.mystore.testcases.LoginPageTest@6f1de4c7]" name="login" class="com.mystore.testcases.LoginPageTest"/>
      </group> <!-- Regression -->
    </groups>
    <test started-at="2025-08-10T20:39:56 IST" name="Test" finished-at="2025-08-10T20:40:14 IST" duration-ms="18056">
      <class name="com.mystore.testcases.LoginPageTest">
        <test-method is-config="true" signature="loadConfig()[pri:0, instance:com.mystore.testcases.LoginPageTest@6f1de4c7]" started-at="2025-08-10T20:39:56 IST" name="loadConfig" finished-at="2025-08-10T20:39:56 IST" duration-ms="152" status="PASS">
          <reporter-output>
          </reporter-output>
        </test-method> <!-- loadConfig -->
        <test-method is-config="true" signature="setup()[pri:0, instance:com.mystore.testcases.LoginPageTest@6f1de4c7]" started-at="2025-08-10T20:39:56 IST" name="setup" finished-at="2025-08-10T20:40:03 IST" duration-ms="6910" status="PASS">
          <reporter-output>
          </reporter-output>
        </test-method> <!-- setup -->
        <test-method signature="login(java.lang.String,java.lang.String)[pri:0, instance:com.mystore.testcases.LoginPageTest@6f1de4c7]" started-at="2025-08-10T20:40:03 IST" name="login" data-provider="credentials" finished-at="2025-08-10T20:40:06 IST" duration-ms="2766" status="PASS">
          <params>
            <param index="0">
              <value>
                <![CDATA[sumit.kalra121@gmail.com]]>
              </value>
            </param>
            <param index="1">
              <value>
                <![CDATA[Pass@123]]>
              </value>
            </param>
          </params>
          <reporter-output>
          </reporter-output>
        </test-method> <!-- login -->
        <test-method is-config="true" signature="teardown()[pri:0, instance:com.mystore.testcases.LoginPageTest@6f1de4c7]" started-at="2025-08-10T20:40:06 IST" name="teardown" finished-at="2025-08-10T20:40:06 IST" duration-ms="277" status="PASS">
          <reporter-output>
          </reporter-output>
        </test-method> <!-- teardown -->
        <test-method is-config="true" signature="setup()[pri:0, instance:com.mystore.testcases.LoginPageTest@6f1de4c7]" started-at="2025-08-10T20:40:06 IST" name="setup" finished-at="2025-08-10T20:40:11 IST" duration-ms="4845" status="PASS">
          <reporter-output>
          </reporter-output>
        </test-method> <!-- setup -->
        <test-method signature="login(java.lang.String,java.lang.String)[pri:0, instance:com.mystore.testcases.LoginPageTest@6f1de4c7]" started-at="2025-08-10T20:40:11 IST" name="login" data-provider="credentials" finished-at="2025-08-10T20:40:14 IST" duration-ms="2539" status="PASS">
          <params>
            <param index="0">
              <value>
                <![CDATA[sumit.kalra121@gmail.com]]>
              </value>
            </param>
            <param index="1">
              <value>
                <![CDATA[Pass@123]]>
              </value>
            </param>
          </params>
          <reporter-output>
          </reporter-output>
        </test-method> <!-- login -->
        <test-method is-config="true" signature="teardown()[pri:0, instance:com.mystore.testcases.LoginPageTest@6f1de4c7]" started-at="2025-08-10T20:40:14 IST" name="teardown" finished-at="2025-08-10T20:40:14 IST" duration-ms="205" status="PASS">
          <reporter-output>
          </reporter-output>
        </test-method> <!-- teardown -->
        <test-method is-config="true" signature="AfterSuite()[pri:0, instance:com.mystore.testcases.LoginPageTest@6f1de4c7]" started-at="2025-08-10T20:40:14 IST" name="AfterSuite" finished-at="2025-08-10T20:40:14 IST" duration-ms="0" status="PASS">
          <reporter-output>
          </reporter-output>
        </test-method> <!-- AfterSuite -->
      </class> <!-- com.mystore.testcases.LoginPageTest -->
    </test> <!-- Test -->
  </suite> <!-- Suite -->
</testng-results>
