<?xml version="1.0" encoding="UTF-8"?>
<testsuite xmlns:xsi="http://www.w3.org/2001/XMLSchema-instance" xsi:noNamespaceSchemaLocation="https://maven.apache.org/surefire/maven-surefire-plugin/xsd/surefire-test-report.xsd" version="3.0.1" name="TestSuite" time="18.775" tests="2" errors="0" skipped="0" failures="0">
  <properties>
[...]
</properties>
  <testcase name="login[sumit.kalra121@gmail.com, Pass@123](1)" classname="com.mystore.testcases.LoginPageTest" time="2.768">
    <system-out><![CDATA[driver: java.lang.ThreadLocal@27462a88
browser is :Chrome
url is :http://www.automationpractice.pl/index.php
http://www.automationpractice.pl/index.php
Successfully entered value
Successfully entered value
http://www.automationpractice.pl/index.php?controller=my-account
]]></system-out>
    <system-err><![CDATA[SLF4J: Failed to load class "org.slf4j.impl.StaticLoggerBinder".
SLF4J: Defaulting to no-operation (NOP) logger implementation
SLF4J: See http://www.slf4j.org/codes.html#StaticLoggerBinder for further details.
Aug 10, 2025 8:39:57 PM org.openqa.selenium.manager.SeleniumManager lambda$runCommand$1
INFO: Driver path: C:\Users\sumit\.cache\selenium\chromedriver\win64\138.0.7204.183\chromedriver.exe
Aug 10, 2025 8:39:57 PM org.openqa.selenium.manager.SeleniumManager lambda$runCommand$1
INFO: Browser path: C:\Program Files\Google\Chrome\Application\chrome.exe
Aug 10, 2025 8:39:59 PM org.openqa.selenium.devtools.CdpVersionFinder findNearestMatch
WARNING: Unable to find CDP implementation matching 138
Aug 10, 2025 8:39:59 PM org.openqa.selenium.chromium.ChromiumDriver lambda$new$5
WARNING: Unable to find version of CDP to use for 138.0.7204.185. You may need to include a dependency on a specific version of the CDP using something similar to `org.seleniumhq.selenium:selenium-devtools-v86:4.12.0` where the version ("v86") matches the version of the chromium-based browser you're using and the version number of the artifact is the same as Selenium's.
]]></system-err>
  </testcase>
  <testcase name="login[sumit.kalra121@gmail.com, Pass@123](2)" classname="com.mystore.testcases.LoginPageTest" time="2.538">
    <system-out><![CDATA[browser is :Chrome
url is :http://www.automationpractice.pl/index.php
http://www.automationpractice.pl/index.php
Successfully entered value
Successfully entered value
http://www.automationpractice.pl/index.php?controller=my-account
]]></system-out>
    <system-err><![CDATA[Aug 10, 2025 8:40:07 PM org.openqa.selenium.manager.SeleniumManager lambda$runCommand$1
INFO: Driver path: C:\Users\sumit\.cache\selenium\chromedriver\win64\138.0.7204.183\chromedriver.exe
Aug 10, 2025 8:40:07 PM org.openqa.selenium.manager.SeleniumManager lambda$runCommand$1
INFO: Browser path: C:\Program Files\Google\Chrome\Application\chrome.exe
Aug 10, 2025 8:40:08 PM org.openqa.selenium.devtools.CdpVersionFinder findNearestMatch
WARNING: Unable to find CDP implementation matching 138
Aug 10, 2025 8:40:08 PM org.openqa.selenium.chromium.ChromiumDriver lambda$new$5
WARNING: Unable to find version of CDP to use for 138.0.7204.185. You may need to include a dependency on a specific version of the CDP using something similar to `org.seleniumhq.selenium:selenium-devtools-v86:4.12.0` where the version ("v86") matches the version of the chromium-based browser you're using and the version number of the artifact is the same as Selenium's.
]]></system-err>
  </testcase>
</testsuite>