<?xml version="1.0" encoding="UTF-8"?>
<testng-results ignored="0" total="4" passed="3" failed="1" skipped="0">
  <reporter-output>
  </reporter-output>
  <suite started-at="2025-03-11T20:53:33 IST" name="Suite" finished-at="2025-03-11T20:54:14 IST" duration-ms="41663">
    <groups>
      <group name="Sanity">
        <method signature="HomePageTest.ValidatemyAddress()[pri:0, instance:com.mystore.testcases.HomePageTest@f2ff811]" name="ValidatemyAddress" class="com.mystore.testcases.HomePageTest"/>
        <method signature="HomePageTest.ValidateorderHistoryDetails()[pri:0, instance:com.mystore.testcases.HomePageTest@f2ff811]" name="ValidateorderHistoryDetails" class="com.mystore.testcases.HomePageTest"/>
        <method signature="IndexPageTest.verifyLogo()[pri:0, instance:com.mystore.testcases.IndexPageTest@2f54a33d]" name="verifyLogo" class="com.mystore.testcases.IndexPageTest"/>
        <method signature="IndexPageTest.verifyTitle()[pri:0, instance:com.mystore.testcases.IndexPageTest@2f54a33d]" name="verifyTitle" class="com.mystore.testcases.IndexPageTest"/>
      </group> <!-- Sanity -->
    </groups>
    <test started-at="2025-03-11T20:53:33 IST" name="Test" finished-at="2025-03-11T20:54:14 IST" duration-ms="41663">
      <class name="com.mystore.testcases.IndexPageTest">
        <test-method is-config="true" signature="setup()[pri:0, instance:com.mystore.testcases.IndexPageTest@2f54a33d]" started-at="2025-03-11T20:53:33 IST" name="setup" finished-at="2025-03-11T20:53:42 IST" duration-ms="9133" status="PASS">
          <reporter-output>
          </reporter-output>
        </test-method> <!-- setup -->
        <test-method signature="verifyLogo()[pri:0, instance:com.mystore.testcases.IndexPageTest@2f54a33d]" started-at="2025-03-11T20:53:42 IST" name="verifyLogo" finished-at="2025-03-11T20:53:42 IST" duration-ms="93" status="FAIL">
          <exception class="java.lang.AssertionError">
            <message>
              <![CDATA[expected [false] but found [true]]]>
            </message>
            <full-stacktrace>
              <![CDATA[java.lang.AssertionError: expected [false] but found [true]
at org.testng.Assert.fail(Assert.java:111)
at org.testng.Assert.failNotEquals(Assert.java:1578)
at org.testng.Assert.assertFalse(Assert.java:79)
at org.testng.Assert.assertFalse(Assert.java:89)
at com.mystore.testcases.IndexPageTest.verifyLogo(IndexPageTest.java:37)
at java.base/jdk.internal.reflect.DirectMethodHandleAccessor.invoke(DirectMethodHandleAccessor.java:103)
at java.base/java.lang.reflect.Method.invoke(Method.java:580)
at org.testng.internal.invokers.MethodInvocationHelper.invokeMethod(MethodInvocationHelper.java:141)
at org.testng.internal.invokers.TestInvoker.invokeMethod(TestInvoker.java:686)
at org.testng.internal.invokers.TestInvoker.invokeTestMethod(TestInvoker.java:230)
at org.testng.internal.invokers.MethodRunner.runInSequence(MethodRunner.java:63)
at org.testng.internal.invokers.TestInvoker$MethodInvocationAgent.invoke(TestInvoker.java:992)
at org.testng.internal.invokers.TestInvoker.invokeTestMethods(TestInvoker.java:203)
at org.testng.internal.invokers.TestMethodWorker.invokeTestMethods(TestMethodWorker.java:154)
at org.testng.internal.invokers.TestMethodWorker.run(TestMethodWorker.java:134)
at java.base/java.util.ArrayList.forEach(ArrayList.java:1597)
at org.testng.TestRunner.privateRun(TestRunner.java:739)
at org.testng.TestRunner.run(TestRunner.java:614)
at org.testng.SuiteRunner.runTest(SuiteRunner.java:421)
at org.testng.SuiteRunner.runSequentially(SuiteRunner.java:413)
at org.testng.SuiteRunner.privateRun(SuiteRunner.java:373)
at org.testng.SuiteRunner.run(SuiteRunner.java:312)
at org.testng.SuiteRunnerWorker.runSuite(SuiteRunnerWorker.java:52)
at org.testng.SuiteRunnerWorker.run(SuiteRunnerWorker.java:95)
at org.testng.TestNG.runSuitesSequentially(TestNG.java:1274)
at org.testng.TestNG.runSuitesLocally(TestNG.java:1208)
at org.testng.TestNG.runSuites(TestNG.java:1112)
at org.testng.TestNG.run(TestNG.java:1079)
at org.testng.remote.AbstractRemoteTestNG.run(AbstractRemoteTestNG.java:115)
at org.testng.remote.RemoteTestNG.initAndRun(RemoteTestNG.java:293)
at org.testng.remote.RemoteTestNG.main(RemoteTestNG.java:91)
]]>
            </full-stacktrace>
          </exception> <!-- java.lang.AssertionError -->
          <reporter-output>
          </reporter-output>
        </test-method> <!-- verifyLogo -->
        <test-method is-config="true" signature="teardown()[pri:0, instance:com.mystore.testcases.IndexPageTest@2f54a33d]" started-at="2025-03-11T20:53:42 IST" name="teardown" finished-at="2025-03-11T20:53:42 IST" duration-ms="216" status="PASS">
          <reporter-output>
          </reporter-output>
        </test-method> <!-- teardown -->
        <test-method is-config="true" signature="setup()[pri:0, instance:com.mystore.testcases.IndexPageTest@2f54a33d]" started-at="2025-03-11T20:53:42 IST" name="setup" finished-at="2025-03-11T20:53:49 IST" duration-ms="6581" status="PASS">
          <reporter-output>
          </reporter-output>
        </test-method> <!-- setup -->
        <test-method signature="verifyTitle()[pri:0, instance:com.mystore.testcases.IndexPageTest@2f54a33d]" started-at="2025-03-11T20:53:49 IST" name="verifyTitle" finished-at="2025-03-11T20:53:49 IST" duration-ms="13" status="PASS">
          <reporter-output>
          </reporter-output>
        </test-method> <!-- verifyTitle -->
        <test-method is-config="true" signature="teardown()[pri:0, instance:com.mystore.testcases.IndexPageTest@2f54a33d]" started-at="2025-03-11T20:53:49 IST" name="teardown" finished-at="2025-03-11T20:53:49 IST" duration-ms="145" status="PASS">
          <reporter-output>
          </reporter-output>
        </test-method> <!-- teardown -->
      </class> <!-- com.mystore.testcases.IndexPageTest -->
      <class name="com.mystore.testcases.LoginPageTest">
        <test-method is-config="true" signature="loadConfig()[pri:0, instance:com.mystore.testcases.LoginPageTest@4470f8a6]" started-at="2025-03-11T20:53:32 IST" name="loadConfig" finished-at="2025-03-11T20:53:33 IST" duration-ms="208" status="PASS">
          <reporter-output>
          </reporter-output>
        </test-method> <!-- loadConfig -->
        <test-method is-config="true" signature="AfterSuite()[pri:0, instance:com.mystore.testcases.LoginPageTest@4470f8a6]" started-at="2025-03-11T20:54:14 IST" name="AfterSuite" finished-at="2025-03-11T20:54:14 IST" duration-ms="1" status="PASS">
          <reporter-output>
          </reporter-output>
        </test-method> <!-- AfterSuite -->
      </class> <!-- com.mystore.testcases.LoginPageTest -->
      <class name="com.mystore.testcases.HomePageTest">
        <test-method is-config="true" signature="setup()[pri:0, instance:com.mystore.testcases.HomePageTest@f2ff811]" started-at="2025-03-11T20:53:49 IST" name="setup" finished-at="2025-03-11T20:53:57 IST" duration-ms="8445" status="PASS">
          <reporter-output>
          </reporter-output>
        </test-method> <!-- setup -->
        <test-method signature="ValidatemyAddress()[pri:0, instance:com.mystore.testcases.HomePageTest@f2ff811]" started-at="2025-03-11T20:53:57 IST" name="ValidatemyAddress" finished-at="2025-03-11T20:54:00 IST" duration-ms="2486" status="PASS">
          <reporter-output>
          </reporter-output>
        </test-method> <!-- ValidatemyAddress -->
        <test-method is-config="true" signature="teardown()[pri:0, instance:com.mystore.testcases.HomePageTest@f2ff811]" started-at="2025-03-11T20:54:00 IST" name="teardown" finished-at="2025-03-11T20:54:00 IST" duration-ms="198" status="PASS">
          <reporter-output>
          </reporter-output>
        </test-method> <!-- teardown -->
        <test-method is-config="true" signature="setup()[pri:0, instance:com.mystore.testcases.HomePageTest@f2ff811]" started-at="2025-03-11T20:54:00 IST" name="setup" finished-at="2025-03-11T20:54:11 IST" duration-ms="10661" status="PASS">
          <reporter-output>
          </reporter-output>
        </test-method> <!-- setup -->
        <test-method signature="ValidateorderHistoryDetails()[pri:0, instance:com.mystore.testcases.HomePageTest@f2ff811]" started-at="2025-03-11T20:54:11 IST" name="ValidateorderHistoryDetails" finished-at="2025-03-11T20:54:13 IST" duration-ms="2846" status="PASS">
          <reporter-output>
          </reporter-output>
        </test-method> <!-- ValidateorderHistoryDetails -->
        <test-method is-config="true" signature="teardown()[pri:0, instance:com.mystore.testcases.HomePageTest@f2ff811]" started-at="2025-03-11T20:54:13 IST" name="teardown" finished-at="2025-03-11T20:54:14 IST" duration-ms="799" status="PASS">
          <reporter-output>
          </reporter-output>
        </test-method> <!-- teardown -->
      </class> <!-- com.mystore.testcases.HomePageTest -->
    </test> <!-- Test -->
  </suite> <!-- Suite -->
</testng-results>
